Experiment: Hellinger. Butter de 3 a 4, K = 7, upsampling a 16, zscore a 3,NBNN con artefactos, cosine float, unweighted without artifacts  
st 3.000000 sv 3.000000 scale 4.000000 timescale 4.000000 qKS 35
Experiment: Hellinger. Butter de 3 a 4, K = 7, upsampling a 16, zscore a 3,NBNN con artefactos, cosine float, unweighted without artifacts  
st 3.000000 sv 3.000000 scale 4.000000 timescale 4.000000 qKS 35
6     &   0.89 &   0.72& Fz& 0.1000 $\pm$ 0.1000 \\
Experiment:  K = 7  
st 3.000000 sv 3.000000 scale 4.000000 timescale 4.000000 qKS 33
1     &   0.84 &   0.82& Fz& 0.3500 $\pm$ 0.3500 \\
2     &   0.86 &   0.72& Fz& 0.0500 $\pm$ 0.0500 \\
3     &   0.87 &   0.75& Fz& 0.1000 $\pm$ 0.1000 \\
4     &   0.86 &   0.82& Fz& 0.1500 $\pm$ 0.1500 \\
6     &   0.89 &   0.72& Fz& 0.1000 $\pm$ 0.1000 \\
7     &   0.89 &   0.83& P4& 0.4000 $\pm$ 0.4000 \\
8     &   0.92 &   0.77& Fz& 0.1000 $\pm$ 0.1000 \\
Experiment:  K = 7  
st 3.000000 sv 3.000000 scale 4.000000 timescale 4.000000 qKS 33
1     &   0.84 &   0.82& Fz& 0.3500 $\pm$ 0.3500 \\
2     &   0.86 &   0.72& Fz& 0.0500 $\pm$ 0.0500 \\
3     &   0.87 &   0.75& Fz& 0.1000 $\pm$ 0.1000 \\
4     &   0.86 &   0.82& Fz& 0.1500 $\pm$ 0.1500 \\
6     &   0.89 &   0.72& Fz& 0.1000 $\pm$ 0.1000 \\
7     &   0.89 &   0.83& P4& 0.4000 $\pm$ 0.4000 \\
8     &   0.92 &   0.77& Fz& 0.1000 $\pm$ 0.1000 \\
9     &   0.90 &   0.80& Cz& 0.2000 $\pm$ 0.2000 \\
10     &   0.90 &   0.82& Oz& 0.2000 $\pm$ 0.2000 \\
11     &   0.90 &   0.76& Pz& 0.1500 $\pm$ 0.1500 \\
14     &   0.90 &   0.81& PO8& 0.3000 $\pm$ 0.3000 \\
15     &   0.90 &   0.77& Cz& 0.1000 $\pm$ 0.1000 \\
16     &   0.90 &   0.84& P4& 0.3500 $\pm$ 0.3500 \\
17     &   0.90 &   0.83& P4& 0.4000 $\pm$ 0.4000 \\
18     &   0.90 &   0.73& P3& 0.1500 $\pm$ 0.1500 \\
19     &   0.90 &   0.84& Cz& 0.3000 $\pm$ 0.3000 \\
20     &   0.90 &   0.87& Cz& 0.3500 $\pm$ 0.3500 \\
21     &   0.90 &   0.69& PO8& 0.0500 $\pm$ 0.0500 \\
22     &   0.90 &   0.85& P3& 0.5000 $\pm$ 0.5000 \\
23     &   0.90 &   0.74& Pz& 0.3000 $\pm$ 0.3000 \\
Experiment:  K = 7  
st 3.000000 sv 3.000000 scale 4.000000 timescale 1.000000 qKS 29
1     &   0.84 &   0.96& Cz& 0.7000 $\pm$ 0.7000 \\
2     &   0.86 &   0.70& Fz& 0.1000 $\pm$ 0.1000 \\
3     &   0.87 &   0.66& Fz& 0.1000 $\pm$ 0.1000 \\
4     &   0.86 &   0.72& Fz& 0.1000 $\pm$ 0.1000 \\
6     &   0.89 &   0.69& PO7& 0.1000 $\pm$ 0.1000 \\
7     &   0.89 &   0.91& PO8& 0.5500 $\pm$ 0.5500 \\
8     &   0.92 &   0.68& Oz& 0.1500 $\pm$ 0.1500 \\
9     &   0.90 &   0.85& P3& 0.4500 $\pm$ 0.4500 \\
10     &   0.90 &   0.88& Cz& 0.3000 $\pm$ 0.3000 \\
11     &   0.90 &   0.85& Fz& 0.2500 $\pm$ 0.2500 \\
14     &   0.90 &   0.89& PO8& 0.5500 $\pm$ 0.5500 \\
15     &   0.90 &   0.82& Pz& 0.3500 $\pm$ 0.3500 \\
16     &   0.90 &   0.88& Fz& 0.3000 $\pm$ 0.3000 \\
17     &   0.90 &   0.90& P4& 0.5000 $\pm$ 0.5000 \\
18     &   0.90 &   0.84& Oz& 0.3000 $\pm$ 0.3000 \\
19     &   0.90 &   0.89& P4& 0.3000 $\pm$ 0.3000 \\
20     &   0.90 &   0.88& P4& 0.3500 $\pm$ 0.3500 \\
21     &   0.90 &   0.60& Fz& 0.0000 $\pm$ 0.0000 \\
22     &   0.90 &   0.95& P4& 0.7000 $\pm$ 0.7000 \\
23     &   0.90 &   0.88& Cz& 0.4000 $\pm$ 0.4000 \\
Experiment:  K = 7  
st 3.000000 sv 3.000000 scale 4.000000 timescale 1.000000 qKS 29
1     &   0.84 &   0.94& P3& 0.6500 $\pm$ 0.6500 \\
2     &   0.86 &   0.82& Fz& 0.1500 $\pm$ 0.1500 \\
3     &   0.87 &   0.69& Fz& 0.1000 $\pm$ 0.1000 \\
4     &   0.86 &   0.74& P3& 0.1000 $\pm$ 0.1000 \\
6     &   0.89 &   0.78& Fz& 0.0500 $\pm$ 0.0500 \\
7     &   0.89 &   0.87& Pz& 0.4000 $\pm$ 0.4000 \\
8     &   0.92 &   0.80& Fz& 0.1000 $\pm$ 0.1000 \\
9     &   0.90 &   0.80& Pz& 0.1500 $\pm$ 0.1500 \\
10     &   0.90 &   0.87& Cz& 0.3500 $\pm$ 0.3500 \\
11     &   0.90 &   0.85& Pz& 0.2000 $\pm$ 0.2000 \\
14     &   0.90 &   0.86& Fz& 0.3500 $\pm$ 0.3500 \\
15     &   0.90 &   0.81& Cz& 0.1000 $\pm$ 0.1000 \\
16     &   0.90 &   0.88& Cz& 0.3000 $\pm$ 0.3000 \\
17     &   0.90 &   0.91& Cz& 0.4500 $\pm$ 0.4500 \\
18     &   0.90 &   0.82& P3& 0.2000 $\pm$ 0.2000 \\
19     &   0.90 &   0.85& P3& 0.4000 $\pm$ 0.4000 \\
20     &   0.90 &   0.70& Oz& 0.3500 $\pm$ 0.3500 \\
21     &   0.90 &   0.82& Cz& 0.1000 $\pm$ 0.1000 \\
22     &   0.90 &   0.92& Fz& 0.5000 $\pm$ 0.5000 \\
23     &   0.90 &   0.88& Cz& 0.3000 $\pm$ 0.3000 \\
Experiment:  K = 7  
st 3.000000 sv 3.000000 scale 4.000000 timescale 1.000000 qKS 29
1     &   0.84 &   0.96& Cz& 0.7000 $\pm$ 0.7000 \\
2     &   0.86 &   0.70& Fz& 0.1000 $\pm$ 0.1000 \\
3     &   0.87 &   0.66& Fz& 0.1000 $\pm$ 0.1000 \\
4     &   0.86 &   0.72& Fz& 0.1000 $\pm$ 0.1000 \\
6     &   0.89 &   0.69& PO7& 0.1000 $\pm$ 0.1000 \\
7     &   0.89 &   0.91& PO8& 0.5500 $\pm$ 0.5500 \\
8     &   0.92 &   0.68& Oz& 0.1500 $\pm$ 0.1500 \\
9     &   0.90 &   0.85& P3& 0.4500 $\pm$ 0.4500 \\
10     &   0.90 &   0.88& Cz& 0.3000 $\pm$ 0.3000 \\
11     &   0.90 &   0.85& Fz& 0.2500 $\pm$ 0.2500 \\
14     &   0.90 &   0.89& PO8& 0.5500 $\pm$ 0.5500 \\
15     &   0.90 &   0.82& Pz& 0.3500 $\pm$ 0.3500 \\
16     &   0.90 &   0.88& Fz& 0.3000 $\pm$ 0.3000 \\
17     &   0.90 &   0.90& P4& 0.5000 $\pm$ 0.5000 \\
18     &   0.90 &   0.84& Oz& 0.3000 $\pm$ 0.3000 \\
19     &   0.90 &   0.89& P4& 0.3000 $\pm$ 0.3000 \\
20     &   0.90 &   0.88& P4& 0.3500 $\pm$ 0.3500 \\
21     &   0.90 &   0.60& Fz& 0.0000 $\pm$ 0.0000 \\
22     &   0.90 &   0.95& P4& 0.7000 $\pm$ 0.7000 \\
23     &   0.90 &   0.88& Cz& 0.4000 $\pm$ 0.4000 \\
Experiment:  K = 7  
st 3.000000 sv 3.000000 scale 4.000000 timescale 4.000000 qKS 33
1     &   0.84 &   0.82& Fz& 0.3500 $\pm$ 0.3500 \\
2     &   0.86 &   0.72& Fz& 0.0500 $\pm$ 0.0500 \\
3     &   0.87 &   0.75& Fz& 0.1000 $\pm$ 0.1000 \\
4     &   0.86 &   0.82& Fz& 0.1500 $\pm$ 0.1500 \\
6     &   0.89 &   0.72& Fz& 0.1000 $\pm$ 0.1000 \\
7     &   0.89 &   0.83& P4& 0.4000 $\pm$ 0.4000 \\
8     &   0.92 &   0.77& Fz& 0.1000 $\pm$ 0.1000 \\
9     &   0.90 &   0.80& Cz& 0.2000 $\pm$ 0.2000 \\
10     &   0.90 &   0.82& Oz& 0.2000 $\pm$ 0.2000 \\
11     &   0.90 &   0.76& Pz& 0.1500 $\pm$ 0.1500 \\
14     &   0.90 &   0.81& PO8& 0.3000 $\pm$ 0.3000 \\
15     &   0.90 &   0.77& Cz& 0.1000 $\pm$ 0.1000 \\
16     &   0.90 &   0.84& P4& 0.3500 $\pm$ 0.3500 \\
17     &   0.90 &   0.83& P4& 0.4000 $\pm$ 0.4000 \\
18     &   0.90 &   0.73& P3& 0.1500 $\pm$ 0.1500 \\
19     &   0.90 &   0.84& Cz& 0.3000 $\pm$ 0.3000 \\
20     &   0.90 &   0.87& Cz& 0.3500 $\pm$ 0.3500 \\
21     &   0.90 &   0.69& PO8& 0.0500 $\pm$ 0.0500 \\
22     &   0.90 &   0.85& P3& 0.5000 $\pm$ 0.5000 \\
23     &   0.90 &   0.74& Pz& 0.3000 $\pm$ 0.3000 \\
Experiment:  K = 7  
st 3.000000 sv 3.000000 scale 4.000000 timescale 1.000000 qKS 29
1     &   0.84 &   0.95& PO7& 0.7000 $\pm$ 0.7000 \\
2     &   0.86 &   0.59& Fz& 0.0500 $\pm$ 0.0500 \\
3     &   0.87 &   0.65& Fz& 0.0500 $\pm$ 0.0500 \\
4     &   0.86 &   0.76& Fz& 0.1000 $\pm$ 0.1000 \\
6     &   0.89 &   0.72& Fz& 0.1500 $\pm$ 0.1500 \\
7     &   0.89 &   0.91& Fz& 0.3500 $\pm$ 0.3500 \\
8     &   0.92 &   0.70& Fz& 0.0500 $\pm$ 0.0500 \\
9     &   0.90 &   0.81& Cz& 0.3500 $\pm$ 0.3500 \\
10     &   0.90 &   0.90& PO8& 0.2000 $\pm$ 0.2000 \\
11     &   0.90 &   0.85& Fz& 0.2500 $\pm$ 0.2500 \\
14     &   0.90 &   0.87& P3& 0.4500 $\pm$ 0.4500 \\
15     &   0.90 &   0.82& Oz& 0.3000 $\pm$ 0.3000 \\
16     &   0.90 &   0.88& PO8& 0.3000 $\pm$ 0.3000 \\
17     &   0.90 &   0.93& Fz& 0.5000 $\pm$ 0.5000 \\
18     &   0.90 &   0.77& Pz& 0.1000 $\pm$ 0.1000 \\
19     &   0.90 &   0.84& Oz& 0.3500 $\pm$ 0.3500 \\
20     &   0.90 &   0.93& Fz& 0.5000 $\pm$ 0.5000 \\
21     &   0.90 &   0.49& Fz& 0.0000 $\pm$ 0.0000 \\
22     &   0.90 &   0.94& P4& 0.5500 $\pm$ 0.5500 \\
23     &   0.90 &   0.90& Fz& 0.5000 $\pm$ 0.5000 \\
Experiment:  K = 7  
st 3.000000 sv 3.000000 scale 4.000000 timescale 4.000000 qKS 33
1     &   0.84 &   0.82& PO8& 0.4500 $\pm$ 0.4500 \\
2     &   0.86 &   0.72& Fz& 0.1000 $\pm$ 0.1000 \\
3     &   0.87 &   0.75& P4& 0.1500 $\pm$ 0.1500 \\
4     &   0.86 &   0.80& PO8& 0.2000 $\pm$ 0.2000 \\
6     &   0.89 &   0.74& P3& 0.1000 $\pm$ 0.1000 \\
7     &   0.89 &   0.76& P4& 0.2500 $\pm$ 0.2500 \\
8     &   0.92 &   0.80& Cz& 0.1500 $\pm$ 0.1500 \\
9     &   0.90 &   0.79& P3& 0.2000 $\pm$ 0.2000 \\
10     &   0.90 &   0.77& Oz& 0.2000 $\pm$ 0.2000 \\
11     &   0.90 &   0.75& PO8& 0.2000 $\pm$ 0.2000 \\
14     &   0.90 &   0.78& Fz& 0.3000 $\pm$ 0.3000 \\
15     &   0.90 &   0.76& Oz& 0.1000 $\pm$ 0.1000 \\
16     &   0.90 &   0.86& P3& 0.3500 $\pm$ 0.3500 \\
17     &   0.90 &   0.79& P3& 0.4500 $\pm$ 0.4500 \\
18     &   0.90 &   0.78& P4& 0.1000 $\pm$ 0.1000 \\
19     &   0.90 &   0.78& PO8& 0.3000 $\pm$ 0.3000 \\
20     &   0.90 &   0.85& Pz& 0.4500 $\pm$ 0.4500 \\
21     &   0.90 &   0.73& P3& 0.1500 $\pm$ 0.1500 \\
22     &   0.90 &   0.88& PO7& 0.6500 $\pm$ 0.6500 \\
23     &   0.90 &   0.75& P4& 0.4000 $\pm$ 0.4000 \\
Experiment: K = 7 
st 3.000000 sv 3.000000 scale 4.000000 timescale 4.000000 qKS 33
1     &   0.84 &   0.82& PO8& 0.4500 $\pm$ 0.4500 \\
2     &   0.86 &   0.72& Fz& 0.1000 $\pm$ 0.1000 \\
3     &   0.87 &   0.75& P4& 0.1500 $\pm$ 0.1500 \\
4     &   0.86 &   0.80& PO8& 0.2000 $\pm$ 0.2000 \\
6     &   0.89 &   0.74& P3& 0.1000 $\pm$ 0.1000 \\
7     &   0.89 &   0.76& P4& 0.2500 $\pm$ 0.2500 \\
8     &   0.92 &   0.80& Cz& 0.1500 $\pm$ 0.1500 \\
9     &   0.90 &   0.79& P3& 0.2000 $\pm$ 0.2000 \\
10     &   0.90 &   0.77& Oz& 0.2000 $\pm$ 0.2000 \\
11     &   0.90 &   0.75& PO8& 0.2000 $\pm$ 0.2000 \\
14     &   0.90 &   0.78& Fz& 0.3000 $\pm$ 0.3000 \\
15     &   0.90 &   0.76& Oz& 0.1000 $\pm$ 0.1000 \\
16     &   0.90 &   0.86& P3& 0.3500 $\pm$ 0.3500 \\
17     &   0.90 &   0.79& P3& 0.4500 $\pm$ 0.4500 \\
18     &   0.90 &   0.78& P4& 0.1000 $\pm$ 0.1000 \\
19     &   0.90 &   0.78& PO8& 0.3000 $\pm$ 0.3000 \\
20     &   0.90 &   0.85& Pz& 0.4500 $\pm$ 0.4500 \\
21     &   0.90 &   0.73& P3& 0.1500 $\pm$ 0.1500 \\
22     &   0.90 &   0.88& PO7& 0.6500 $\pm$ 0.6500 \\
23     &   0.90 &   0.75& P4& 0.4000 $\pm$ 0.4000 \\
Experiment:  K = 7  
st 3.000000 sv 3.000000 scale 4.000000 timescale 4.000000 qKS 33
13     &   0.90 &   0.73& P3& 0.1500 $\pm$ 0.1500 \\
Experiment:  K = 7  
st 3.000000 sv 3.000000 scale 4.000000 timescale 1.000000 qKS 29
13     &   0.90 &   0.84& Cz& 0.2000 $\pm$ 0.2000 \\
Experiment:  K = 7  
st 3.000000 sv 3.000000 scale 4.000000 timescale 1.000000 qKS 29
1     &   0.84 &   0.95& PO7& 0.7000 $\pm$ 0.7000 \\
2     &   0.86 &   0.59& Fz& 0.0500 $\pm$ 0.0500 \\
3     &   0.87 &   0.65& Fz& 0.0500 $\pm$ 0.0500 \\
4     &   0.86 &   0.76& Fz& 0.1000 $\pm$ 0.1000 \\
6     &   0.89 &   0.72& Fz& 0.1500 $\pm$ 0.1500 \\
7     &   0.89 &   0.91& Fz& 0.3500 $\pm$ 0.3500 \\
8     &   0.92 &   0.70& Fz& 0.0500 $\pm$ 0.0500 \\
9     &   0.90 &   0.81& Cz& 0.3500 $\pm$ 0.3500 \\
10     &   0.90 &   0.90& PO8& 0.2000 $\pm$ 0.2000 \\
11     &   0.90 &   0.85& Fz& 0.2500 $\pm$ 0.2500 \\
14     &   0.90 &   0.87& P3& 0.4500 $\pm$ 0.4500 \\
15     &   0.90 &   0.82& Oz& 0.3000 $\pm$ 0.3000 \\
16     &   0.90 &   0.88& PO8& 0.3000 $\pm$ 0.3000 \\
17     &   0.90 &   0.93& Fz& 0.5000 $\pm$ 0.5000 \\
18     &   0.90 &   0.77& Pz& 0.1000 $\pm$ 0.1000 \\
19     &   0.90 &   0.84& Oz& 0.3500 $\pm$ 0.3500 \\
20     &   0.90 &   0.93& Fz& 0.5000 $\pm$ 0.5000 \\
21     &   0.90 &   0.49& Fz& 0.0000 $\pm$ 0.0000 \\
22     &   0.90 &   0.94& P4& 0.5500 $\pm$ 0.5500 \\
23     &   0.90 &   0.90& Fz& 0.5000 $\pm$ 0.5000 \\
Experiment:  K = 7  
st 3.000000 sv 3.000000 scale 4.000000 timescale 1.000000 qKS 29
1     &   0.84 &   0.95& PO7& 0.7000 $\pm$ 0.7000 \\
2     &   0.86 &   0.59& Fz& 0.0500 $\pm$ 0.0500 \\
3     &   0.87 &   0.65& Fz& 0.0500 $\pm$ 0.0500 \\
4     &   0.86 &   0.76& Fz& 0.1000 $\pm$ 0.1000 \\
6     &   0.89 &   0.72& Fz& 0.1500 $\pm$ 0.1500 \\
7     &   0.89 &   0.91& Fz& 0.3500 $\pm$ 0.3500 \\
8     &   0.92 &   0.70& Fz& 0.0500 $\pm$ 0.0500 \\
9     &   0.90 &   0.81& Cz& 0.3500 $\pm$ 0.3500 \\
10     &   0.90 &   0.90& PO8& 0.2000 $\pm$ 0.2000 \\
11     &   0.90 &   0.85& Fz& 0.2500 $\pm$ 0.2500 \\
13     &   0.90 &   0.84& P3& 0.1500 $\pm$ 0.1500 \\
14     &   0.90 &   0.87& Pz& 0.5000 $\pm$ 0.5000 \\
15     &   0.90 &   0.82& P3& 0.2500 $\pm$ 0.2500 \\
16     &   0.90 &   0.88& Fz& 0.2000 $\pm$ 0.2000 \\
17     &   0.90 &   0.93& Cz& 0.5000 $\pm$ 0.5000 \\
18     &   0.90 &   0.77& Fz& 0.0500 $\pm$ 0.0500 \\
19     &   0.90 &   0.84& Cz& 0.3000 $\pm$ 0.3000 \\
20     &   0.90 &   0.93& P4& 0.4500 $\pm$ 0.4500 \\
21     &   0.90 &   0.49& Fz& 0.0000 $\pm$ 0.0000 \\
22     &   0.90 &   0.94& PO7& 0.5500 $\pm$ 0.5500 \\
23     &   0.90 &   0.90& Oz& 0.5000 $\pm$ 0.5000 \\
Experiment:  K = 7  
st 3.000000 sv 3.000000 scale 4.000000 timescale 1.000000 qKS 29
1     &   0.84 &   0.96& P3& 0.7000 $\pm$ 0.7000 \\
2     &   0.86 &   0.82& P3& 0.1500 $\pm$ 0.1500 \\
3     &   0.87 &   0.66& Cz& 0.1500 $\pm$ 0.1500 \\
4     &   0.86 &   0.77& Pz& 0.2500 $\pm$ 0.2500 \\
6     &   0.89 &   0.77& Pz& 0.1500 $\pm$ 0.1500 \\
7     &   0.89 &   0.88& Pz& 0.3000 $\pm$ 0.3000 \\
8     &   0.92 &   0.81& Cz& 0.1500 $\pm$ 0.1500 \\
9     &   0.90 &   0.85& PO7& 0.1500 $\pm$ 0.1500 \\
10     &   0.90 &   0.92& PO8& 0.5000 $\pm$ 0.5000 \\
11     &   0.90 &   0.90& Fz& 0.3500 $\pm$ 0.3500 \\
13     &   0.90 &   0.82& Pz& 0.2000 $\pm$ 0.2000 \\
14     &   0.90 &   0.84& P4& 0.4000 $\pm$ 0.4000 \\
15     &   0.90 &   0.78& Cz& 0.1500 $\pm$ 0.1500 \\
16     &   0.90 &   0.87& P4& 0.3500 $\pm$ 0.3500 \\
17     &   0.90 &   0.90& P3& 0.4000 $\pm$ 0.4000 \\
18     &   0.90 &   0.83& PO7& 0.2500 $\pm$ 0.2500 \\
19     &   0.90 &   0.87& P3& 0.3500 $\pm$ 0.3500 \\
20     &   0.90 &   0.82& PO8& 0.3000 $\pm$ 0.3000 \\
21     &   0.90 &   0.75& P4& 0.1000 $\pm$ 0.1000 \\
22     &   0.90 &   0.94& Fz& 0.5000 $\pm$ 0.5000 \\
23     &   0.90 &   0.88& Pz& 0.3500 $\pm$ 0.3500 \\
Experiment:  K = 7  
st 3.000000 sv 3.000000 scale 4.000000 timescale 1.000000 qKS 29
1     &   0.84 &   0.96& P3& 0.7000 $\pm$ 0.7000 \\
2     &   0.86 &   0.82& P3& 0.1500 $\pm$ 0.1500 \\
3     &   0.87 &   0.66& Cz& 0.1500 $\pm$ 0.1500 \\
4     &   0.86 &   0.77& Pz& 0.2500 $\pm$ 0.2500 \\
6     &   0.89 &   0.77& Pz& 0.1500 $\pm$ 0.1500 \\
7     &   0.89 &   0.88& Pz& 0.3000 $\pm$ 0.3000 \\
8     &   0.92 &   0.81& Cz& 0.1500 $\pm$ 0.1500 \\
9     &   0.90 &   0.85& PO7& 0.1500 $\pm$ 0.1500 \\
10     &   0.90 &   0.92& PO8& 0.5000 $\pm$ 0.5000 \\
11     &   0.90 &   0.90& Fz& 0.3500 $\pm$ 0.3500 \\
13     &   0.90 &   0.82& Pz& 0.2000 $\pm$ 0.2000 \\
14     &   0.90 &   0.84& P4& 0.4000 $\pm$ 0.4000 \\
15     &   0.90 &   0.78& Cz& 0.1500 $\pm$ 0.1500 \\
16     &   0.90 &   0.87& P4& 0.3500 $\pm$ 0.3500 \\
17     &   0.90 &   0.90& P3& 0.4000 $\pm$ 0.4000 \\
18     &   0.90 &   0.83& PO7& 0.2500 $\pm$ 0.2500 \\
19     &   0.90 &   0.87& P3& 0.3500 $\pm$ 0.3500 \\
20     &   0.90 &   0.82& PO8& 0.3000 $\pm$ 0.3000 \\
21     &   0.90 &   0.75& P4& 0.1000 $\pm$ 0.1000 \\
22     &   0.90 &   0.94& Fz& 0.5000 $\pm$ 0.5000 \\
23     &   0.90 &   0.88& Pz& 0.3500 $\pm$ 0.3500 \\
Experiment:  K = 7  
st 3.000000 sv 3.000000 scale 4.000000 timescale 4.000000 qKS 33
1     &   0.84 &   0.82& PO8& 0.4500 $\pm$ 0.4500 \\
2     &   0.86 &   0.72& Fz& 0.1000 $\pm$ 0.1000 \\
3     &   0.87 &   0.75& P4& 0.1500 $\pm$ 0.1500 \\
4     &   0.86 &   0.80& PO8& 0.2000 $\pm$ 0.2000 \\
6     &   0.89 &   0.74& P3& 0.1000 $\pm$ 0.1000 \\
7     &   0.89 &   0.76& P4& 0.2500 $\pm$ 0.2500 \\
8     &   0.92 &   0.80& Cz& 0.1500 $\pm$ 0.1500 \\
9     &   0.90 &   0.79& P3& 0.2000 $\pm$ 0.2000 \\
10     &   0.90 &   0.77& Oz& 0.2000 $\pm$ 0.2000 \\
11     &   0.90 &   0.75& PO8& 0.2000 $\pm$ 0.2000 \\
13     &   0.90 &   0.73& P3& 0.1500 $\pm$ 0.1500 \\
14     &   0.90 &   0.78& Fz& 0.3000 $\pm$ 0.3000 \\
15     &   0.90 &   0.76& Oz& 0.1000 $\pm$ 0.1000 \\
16     &   0.90 &   0.86& P3& 0.3500 $\pm$ 0.3500 \\
17     &   0.90 &   0.79& P3& 0.4500 $\pm$ 0.4500 \\
18     &   0.90 &   0.78& P4& 0.1000 $\pm$ 0.1000 \\
19     &   0.90 &   0.78& PO8& 0.3000 $\pm$ 0.3000 \\
20     &   0.90 &   0.85& Pz& 0.4500 $\pm$ 0.4500 \\
21     &   0.90 &   0.73& P3& 0.1500 $\pm$ 0.1500 \\
22     &   0.90 &   0.88& PO7& 0.6500 $\pm$ 0.6500 \\
23     &   0.90 &   0.75& P4& 0.4000 $\pm$ 0.4000 \\
Experiment:  K = 7  
st 3.000000 sv 3.000000 scale 4.000000 timescale 1.000000 qKS 29
1     &   0.84 &   0.94& Cz& 0.6500 $\pm$ 0.6500 \\
2     &   0.86 &   0.72& Fz& 0.1000 $\pm$ 0.1000 \\
3     &   0.87 &   0.65& Fz& 0.0000 $\pm$ 0.0000 \\
4     &   0.86 &   0.84& Fz& 0.2000 $\pm$ 0.2000 \\
6     &   0.89 &   0.71& Fz& 0.1500 $\pm$ 0.1500 \\
7     &   0.89 &   0.85& P3& 0.3500 $\pm$ 0.3500 \\
8     &   0.92 &   0.78& Fz& 0.0000 $\pm$ 0.0000 \\
9     &   0.90 &   0.76& Cz& 0.2500 $\pm$ 0.2500 \\
10     &   0.90 &   0.90& P3& 0.4500 $\pm$ 0.4500 \\
11     &   0.90 &   0.78& Fz& 0.0000 $\pm$ 0.0000 \\
13     &   0.90 &   0.74& PO7& 0.0500 $\pm$ 0.0500 \\
14     &   0.90 &   0.85& Oz& 0.3500 $\pm$ 0.3500 \\
15     &   0.90 &   0.80& Fz& 0.2500 $\pm$ 0.2500 \\
16     &   0.90 &   0.89& P3& 0.3000 $\pm$ 0.3000 \\
17     &   0.90 &   0.91& P4& 0.4500 $\pm$ 0.4500 \\
18     &   0.90 &   0.84& P3& 0.3500 $\pm$ 0.3500 \\
19     &   0.90 &   0.80& Fz& 0.3000 $\pm$ 0.3000 \\
20     &   0.90 &   0.87& PO7& 0.3500 $\pm$ 0.3500 \\
21     &   0.90 &   0.67& Fz& 0.0000 $\pm$ 0.0000 \\
22     &   0.90 &   0.93& P4& 0.3500 $\pm$ 0.3500 \\
23     &   0.90 &   0.89& Cz& 0.3500 $\pm$ 0.3500 \\
Experiment:  K = 7  
st 3.000000 sv 3.000000 scale 4.000000 timescale 4.000000 qKS 33
1     &   0.84 &   0.82& PO8& 0.4500 $\pm$ 0.4500 \\
2     &   0.86 &   0.72& Fz& 0.1000 $\pm$ 0.1000 \\
3     &   0.87 &   0.75& P4& 0.1500 $\pm$ 0.1500 \\
4     &   0.86 &   0.80& PO8& 0.2000 $\pm$ 0.2000 \\
6     &   0.89 &   0.74& P3& 0.1000 $\pm$ 0.1000 \\
7     &   0.89 &   0.76& P4& 0.2500 $\pm$ 0.2500 \\
8     &   0.92 &   0.80& Cz& 0.1500 $\pm$ 0.1500 \\
9     &   0.90 &   0.79& P3& 0.2000 $\pm$ 0.2000 \\
10     &   0.90 &   0.77& Oz& 0.2000 $\pm$ 0.2000 \\
11     &   0.90 &   0.75& PO8& 0.2000 $\pm$ 0.2000 \\
13     &   0.90 &   0.73& P3& 0.1500 $\pm$ 0.1500 \\
14     &   0.90 &   0.78& Fz& 0.3000 $\pm$ 0.3000 \\
15     &   0.90 &   0.76& Oz& 0.1000 $\pm$ 0.1000 \\
16     &   0.90 &   0.86& P3& 0.3500 $\pm$ 0.3500 \\
17     &   0.90 &   0.79& P3& 0.4500 $\pm$ 0.4500 \\
18     &   0.90 &   0.78& P4& 0.1000 $\pm$ 0.1000 \\
19     &   0.90 &   0.78& PO8& 0.3000 $\pm$ 0.3000 \\
20     &   0.90 &   0.85& Pz& 0.4500 $\pm$ 0.4500 \\
21     &   0.90 &   0.73& P3& 0.1500 $\pm$ 0.1500 \\
22     &   0.90 &   0.88& PO7& 0.6500 $\pm$ 0.6500 \\
23     &   0.90 &   0.75& P4& 0.4000 $\pm$ 0.4000 \\
Experiment:  K = 7  
st 3.000000 sv 3.000000 scale 4.000000 timescale 4.000000 qKS 33
1     & PO8& 0.4500 $\pm$ 0.4500 \\
2     & Fz& 0.1000 $\pm$ 0.1000 \\
3     & P4& 0.1500 $\pm$ 0.1500 \\
4     & PO8& 0.2000 $\pm$ 0.2000 \\
6     & P3& 0.1000 $\pm$ 0.1000 \\
7     & P4& 0.2500 $\pm$ 0.2500 \\
8     & Cz& 0.1500 $\pm$ 0.1500 \\
9     & P3& 0.2000 $\pm$ 0.2000 \\
10     & Oz& 0.2000 $\pm$ 0.2000 \\
11     & PO8& 0.2000 $\pm$ 0.2000 \\
13     & P3& 0.1500 $\pm$ 0.1500 \\
14     & Fz& 0.3000 $\pm$ 0.3000 \\
15     & Oz& 0.1000 $\pm$ 0.1000 \\
16     & P3& 0.3500 $\pm$ 0.3500 \\
17     & P3& 0.4500 $\pm$ 0.4500 \\
18     & P4& 0.1000 $\pm$ 0.1000 \\
19     & PO8& 0.3000 $\pm$ 0.3000 \\
20     & Pz& 0.4500 $\pm$ 0.4500 \\
21     & P3& 0.1500 $\pm$ 0.1500 \\
22     & PO7& 0.6500 $\pm$ 0.6500 \\
23     & P4& 0.4000 $\pm$ 0.4000 \\
1     & PO8&   1 $\pm$ 0.450000000 \\
2     & Fz&   1 $\pm$ 0.100000000 \\
3     & P4&   1 $\pm$ 0.150000000 \\
4     & PO8&   1 $\pm$ 0.200000000 \\
6     & P3&   1 $\pm$ 0.100000000 \\
7     & P4&   1 $\pm$ 0.250000000 \\
8     & Cz&   1 $\pm$ 0.150000000 \\
9     & P3&   1 $\pm$ 0.200000000 \\
10     & Oz&   1 $\pm$ 0.200000000 \\
11     & PO8&   1 $\pm$ 0.200000000 \\
13     & P3&   1 $\pm$ 0.150000000 \\
14     & Fz&   1 $\pm$ 0.300000000 \\
15     & Oz&   1 $\pm$ 0.100000000 \\
16     & P3&   1 $\pm$ 0.350000000 \\
17     & P3&   1 $\pm$ 0.450000000 \\
18     & P4&   1 $\pm$ 0.100000000 \\
19     & PO8&   1 $\pm$ 0.300000000 \\
20     & Pz&   1 $\pm$ 0.450000000 \\
21     & P3&   1 $\pm$ 0.150000000 \\
22     & PO7&   1 $\pm$ 0.650000000 \\
23     & P4&   1 $\pm$ 0.400000000 \\
1     & PO8&  85 $\pm$  45 \\
2     & Fz&  86 $\pm$  10 \\
3     & P4&  87 $\pm$  15 \\
4     & PO8&  86 $\pm$  20 \\
6     & P3&  89 $\pm$  10 \\
7     & P4&  89 $\pm$  25 \\
8     & Cz&  92 $\pm$  15 \\
9     & P3&  90 $\pm$  20 \\
10     & Oz&  90 $\pm$  20 \\
11     & PO8&  90 $\pm$  20 \\
13     & P3&  90 $\pm$  15 \\
14     & Fz&  90 $\pm$  30 \\
15     & Oz&  90 $\pm$  10 \\
16     & P3&  90 $\pm$  35 \\
17     & P3&  90 $\pm$  45 \\
18     & P4&  90 $\pm$  10 \\
19     & PO8&  90 $\pm$  30 \\
20     & Pz&  90 $\pm$  45 \\
21     & P3&  90 $\pm$  15 \\
22     & PO7&  90 $\pm$  65 \\
23     & P4&  90 $\pm$  40 \\
1     & PO8& $ 85\2     & Fz& $ 86\3     & P4& $ 87\4     & PO8& $ 86\6     & P3& $ 89\7     & P4& $ 89\8     & Cz& $ 92\9     & P3& $ 90\10     & Oz& $ 90\11     & PO8& $ 90\13     & P3& $ 90\14     & Fz& $ 90\15     & Oz& $ 90\16     & P3& $ 90\17     & P3& $ 90\18     & P4& $ 90\19     & PO8& $ 90\20     & Pz& $ 90\21     & P3& $ 90\22     & PO7& $ 90\23     & P4& $ 90\1     & PO8& $ 85& $ 452     & Fz& $ 86& $ 103     & P4& $ 87& $ 154     & PO8& $ 86& $ 206     & P3& $ 89& $ 107     & P4& $ 89& $ 258     & Cz& $ 92& $ 159     & P3& $ 90& $ 2010     & Oz& $ 90& $ 2011     & PO8& $ 90& $ 2013     & P3& $ 90& $ 1514     & Fz& $ 90& $ 3015     & Oz& $ 90& $ 1016     & P3& $ 90& $ 3517     & P3& $ 90& $ 4518     & P4& $ 90& $ 1019     & PO8& $ 90& $ 3020     & Pz& $ 90& $ 4521     & P3& $ 90& $ 1522     & PO7& $ 90& $ 6523     & P4& $ 90& $ 401     & PO8& $  85 \2     & Fz& $  86 \3     & P4& $  87 \4     & PO8& $  86 \6     & P3& $  89 \7     & P4& $  89 \8     & Cz& $  92 \9     & P3& $  90 \10     & Oz& $  90 \11     & PO8& $  90 \13     & P3& $  90 \14     & Fz& $  90 \15     & Oz& $  90 \16     & P3& $  90 \17     & P3& $  90 \18     & P4& $  90 \19     & PO8& $  90 \20     & Pz& $  90 \21     & P3& $  90 \22     & PO7& $  90 \23     & P4& $  90 \1     & PO8&  85 $\pm$  45 \\
2     & Fz&  86 $\pm$  10 \\
3     & P4&  87 $\pm$  15 \\
4     & PO8&  86 $\pm$  20 \\
6     & P3&  89 $\pm$  10 \\
7     & P4&  89 $\pm$  25 \\
8     & Cz&  92 $\pm$  15 \\
9     & P3&  90 $\pm$  20 \\
10     & Oz&  90 $\pm$  20 \\
11     & PO8&  90 $\pm$  20 \\
13     & P3&  90 $\pm$  15 \\
14     & Fz&  90 $\pm$  30 \\
15     & Oz&  90 $\pm$  10 \\
16     & P3&  90 $\pm$  35 \\
17     & P3&  90 $\pm$  45 \\
18     & P4&  90 $\pm$  10 \\
19     & PO8&  90 $\pm$  30 \\
20     & Pz&  90 $\pm$  45 \\
21     & P3&  90 $\pm$  15 \\
22     & PO7&  90 $\pm$  65 \\
23     & P4&  90 $\pm$  40 \\
Experiment:  K = 7  
st 3.000000 sv 3.000000 scale 4.000000 timescale 4.000000 qKS 33
1     & PO8&  85 $\pm$  45 \\
2     & Fz&  86 $\pm$  10 \\
3     & P4&  87 $\pm$  15 \\
4     & PO8&  86 $\pm$  20 \\
6     & P3&  89 $\pm$  10 \\
7     & P4&  89 $\pm$  25 \\
8     & Cz&  92 $\pm$  15 \\
9     & P3&  90 $\pm$  20 \\
10     & Oz&  90 $\pm$  20 \\
11     & PO8&  90 $\pm$  20 \\
13     & P3&  90 $\pm$  15 \\
14     & Fz&  90 $\pm$  30 \\
15     & Oz&  90 $\pm$  10 \\
16     & P3&  90 $\pm$  35 \\
17     & P3&  90 $\pm$  45 \\
18     & P4&  90 $\pm$  10 \\
19     & PO8&  90 $\pm$  30 \\
20     & Pz&  90 $\pm$  45 \\
21     & P3&  90 $\pm$  15 \\
22     & PO7&  90 $\pm$  65 \\
23     & P4&  90 $\pm$  40 \\
Experiment:  K = 7  
st 1.500000 sv 3.000000 scale 4.000000 timescale 4.000000 qKS 33
23     & PO8&  90 $\pm$  40 \\
Experiment:  K = 7  
st 4.000000 sv 4.000000 scale 4.000000 timescale 4.000000 qKS 33
23     & P4&  90 $\pm$  35 \\
Experiment:  K = 7  
st 2.000000 sv 2.000000 scale 4.000000 timescale 4.000000 qKS 33
23     & P4&  90 $\pm$  40 \\
Experiment:  K = 7  
st 2.000000 sv 2.000000 scale 4.000000 timescale 4.000000 qKS 33
23     & Oz&  90 $\pm$  30 \\
Experiment:  K = 7  
st 2.000000 sv 2.000000 scale 4.000000 timescale 4.000000 qKS 33
22     & PO7&  90 $\pm$  50 \\
Experiment:  K = 7  
st 3.000000 sv 3.000000 scale 4.000000 timescale 4.000000 qKS 33
22     & PO8&  90 $\pm$  80 \\
Experiment:  K = 7  
st 3.000000 sv 3.000000 scale 4.000000 timescale 4.000000 qKS 33
22     & Cz&  90 $\pm$ 100 \\
Experiment:  K = 7  
st 3.000000 sv 3.000000 scale 4.000000 timescale 4.000000 qKS 33
22     & Fz&  90 $\pm$ 100 \\
Experiment:  K = 7  
st 3.000000 sv 3.000000 scale 4.000000 timescale 4.000000 qKS 33
22     & Cz&  90 $\pm$ 100 \\
Experiment:  K = 7  
st 3.000000 sv 3.000000 scale 4.000000 timescale 4.000000 qKS 33
22     & Cz&  90 $\pm$ 100 \\
Experiment:  K = 7  
st 3.000000 sv 3.000000 scale 4.000000 timescale 4.000000 qKS 33
22     & Fz&  90 $\pm$  95 \\
